[0m10:26:41.068061 [debug] [MainThread]: Sending event: {'category': 'dbt', 'action': 'invocation', 'label': 'start', 'context': [<snowplow_tracker.self_describing_json.SelfDescribingJson object at 0x7db206a4e750>, <snowplow_tracker.self_describing_json.SelfDescribingJson object at 0x7db2059094c0>, <snowplow_tracker.self_describing_json.SelfDescribingJson object at 0x7db2054a87a0>]}


============================== 10:26:41.082322 | 61c0e306-0c29-4094-835e-8d01d2849fc4 ==============================
[0m10:26:41.082322 [info ] [MainThread]: Running with dbt=1.9.0
[0m10:26:41.084765 [debug] [MainThread]: running dbt with arguments {'printer_width': '80', 'indirect_selection': 'eager', 'log_cache_events': 'False', 'write_json': 'True', 'partial_parse': 'True', 'cache_selected_only': 'False', 'warn_error': 'None', 'fail_fast': 'False', 'version_check': 'True', 'log_path': 'logs', 'profiles_dir': '/root/.dbt', 'debug': 'False', 'use_colors': 'True', 'use_experimental_parser': 'False', 'empty': 'None', 'quiet': 'False', 'no_print': 'None', 'log_format': 'default', 'introspect': 'True', 'invocation_command': 'dbt init my_project', 'warn_error_options': 'WarnErrorOptions(include=[], exclude=[])', 'target_path': 'None', 'static_parser': 'True', 'send_anonymous_usage_stats': 'True'}
[0m10:26:41.364555 [warn ] [MainThread]: [ConfigFolderDirectory]: Unable to parse logging event dictionary. Failed to parse dir field: expected string or bytes-like object, got 'PosixPath'.. Dictionary: {'dir': PosixPath('/root/.dbt')}
[0m10:26:41.366401 [info ] [MainThread]: Creating dbt configuration folder at 
[0m10:26:41.371022 [debug] [MainThread]: Starter project path: /usr/local/lib/python3.12/site-packages/dbt/include/starter_project
[0m10:26:41.767289 [info ] [MainThread]: 
Your new dbt project "my_project" was created!

For more information on how to configure the profiles.yml file,
please consult the dbt documentation here:

  https://docs.getdbt.com/docs/configure-your-profile

One more thing:

Need help? Don't hesitate to reach out to us via GitHub issues or on Slack:

  https://community.getdbt.com/

Happy modeling!

[0m10:26:41.769147 [info ] [MainThread]: Setting up your profile.
[0m11:20:53.655734 [info ] [MainThread]: Profile my_project written to /root/.dbt/profiles.yml using target's profile_template.yml and your supplied values. Run 'dbt debug' to validate the connection.
[0m11:20:53.805986 [debug] [MainThread]: Resource report: {"command_name": "init", "command_success": true, "command_wall_clock_time": 3253.2166, "process_in_blocks": "0", "process_kernel_time": 1.364714, "process_mem_max_rss": "92684", "process_out_blocks": "1472", "process_user_time": 4.800265}
[0m11:20:53.811747 [debug] [MainThread]: Command `dbt init` succeeded at 11:20:53.810595 after 3253.24 seconds
[0m11:20:53.817078 [debug] [MainThread]: Sending event: {'category': 'dbt', 'action': 'invocation', 'label': 'end', 'context': [<snowplow_tracker.self_describing_json.SelfDescribingJson object at 0x7db2052d2750>, <snowplow_tracker.self_describing_json.SelfDescribingJson object at 0x7db204b23e00>, <snowplow_tracker.self_describing_json.SelfDescribingJson object at 0x7db2057024e0>]}
[0m11:20:53.821326 [debug] [MainThread]: Flushing usage events
[0m11:20:56.162063 [debug] [MainThread]: An error was encountered while trying to flush usage events
[0m11:21:53.290108 [debug] [MainThread]: Sending event: {'category': 'dbt', 'action': 'invocation', 'label': 'start', 'context': [<snowplow_tracker.self_describing_json.SelfDescribingJson object at 0x7de911cd0e00>, <snowplow_tracker.self_describing_json.SelfDescribingJson object at 0x7de911f03770>, <snowplow_tracker.self_describing_json.SelfDescribingJson object at 0x7de911f4caa0>]}


============================== 11:21:53.314768 | d333479c-eb24-4193-adf2-e1ec6e1871c9 ==============================
[0m11:21:53.314768 [info ] [MainThread]: Running with dbt=1.9.0
[0m11:21:53.316806 [debug] [MainThread]: running dbt with arguments {'printer_width': '80', 'indirect_selection': 'eager', 'write_json': 'True', 'log_cache_events': 'False', 'partial_parse': 'True', 'cache_selected_only': 'False', 'profiles_dir': '/root/.dbt', 'debug': 'False', 'fail_fast': 'False', 'log_path': 'logs', 'version_check': 'True', 'warn_error': 'None', 'use_colors': 'True', 'use_experimental_parser': 'False', 'empty': 'None', 'quiet': 'False', 'no_print': 'None', 'warn_error_options': 'WarnErrorOptions(include=[], exclude=[])', 'introspect': 'True', 'log_format': 'default', 'invocation_command': 'dbt debug', 'target_path': 'None', 'static_parser': 'True', 'send_anonymous_usage_stats': 'True'}
[0m11:21:53.449162 [info ] [MainThread]: dbt version: 1.9.0
[0m11:21:53.451088 [info ] [MainThread]: python version: 3.12.4
[0m11:21:53.452786 [info ] [MainThread]: python path: /usr/local/bin/python
[0m11:21:53.454548 [info ] [MainThread]: os info: Linux-6.6.87.1-microsoft-standard-WSL2-x86_64-with-glibc2.31
[0m11:21:53.456619 [info ] [MainThread]: Using profiles dir at /root/.dbt
[0m11:21:53.459306 [info ] [MainThread]: Using profiles.yml file at /root/.dbt/profiles.yml
[0m11:21:53.461422 [info ] [MainThread]: Using dbt_project.yml file at /usr/app/dbt_project.yml
[0m11:21:53.463861 [info ] [MainThread]: Configuration:
[0m11:21:53.466222 [info ] [MainThread]:   profiles.yml file [[31mERROR not found[0m]
[0m11:21:53.468379 [info ] [MainThread]:   dbt_project.yml file [[31mERROR not found[0m]
[0m11:21:53.470308 [info ] [MainThread]: Required dependencies:
[0m11:21:53.472348 [debug] [MainThread]: Executing "git --help"
[0m11:21:53.620858 [debug] [MainThread]: STDOUT: "b"usage: git [--version] [--help] [-C <path>] [-c <name>=<value>]\n           [--exec-path[=<path>]] [--html-path] [--man-path] [--info-path]\n           [-p | --paginate | -P | --no-pager] [--no-replace-objects] [--bare]\n           [--git-dir=<path>] [--work-tree=<path>] [--namespace=<name>]\n           <command> [<args>]\n\nThese are common Git commands used in various situations:\n\nstart a working area (see also: git help tutorial)\n   clone             Clone a repository into a new directory\n   init              Create an empty Git repository or reinitialize an existing one\n\nwork on the current change (see also: git help everyday)\n   add               Add file contents to the index\n   mv                Move or rename a file, a directory, or a symlink\n   restore           Restore working tree files\n   rm                Remove files from the working tree and from the index\n   sparse-checkout   Initialize and modify the sparse-checkout\n\nexamine the history and state (see also: git help revisions)\n   bisect            Use binary search to find the commit that introduced a bug\n   diff              Show changes between commits, commit and working tree, etc\n   grep              Print lines matching a pattern\n   log               Show commit logs\n   show              Show various types of objects\n   status            Show the working tree status\n\ngrow, mark and tweak your common history\n   branch            List, create, or delete branches\n   commit            Record changes to the repository\n   merge             Join two or more development histories together\n   rebase            Reapply commits on top of another base tip\n   reset             Reset current HEAD to the specified state\n   switch            Switch branches\n   tag               Create, list, delete or verify a tag object signed with GPG\n\ncollaborate (see also: git help workflows)\n   fetch             Download objects and refs from another repository\n   pull              Fetch from and integrate with another repository or a local branch\n   push              Update remote refs along with associated objects\n\n'git help -a' and 'git help -g' list available subcommands and some\nconcept guides. See 'git help <command>' or 'git help <concept>'\nto read about a specific subcommand or concept.\nSee 'git help git' for an overview of the system.\n""
[0m11:21:53.622640 [debug] [MainThread]: STDERR: "b''"
[0m11:21:53.624064 [info ] [MainThread]:  - git [[32mOK found[0m]

[0m11:21:53.625689 [info ] [MainThread]: Connection test skipped since no profile was found
[0m11:21:53.627640 [info ] [MainThread]: [31m2 checks failed:[0m
[0m11:21:53.629175 [info ] [MainThread]: dbt looked for a profiles.yml file in /root/.dbt/profiles.yml, but did
not find one. For more information on configuring your profile, consult the
documentation:

https://docs.getdbt.com/docs/configure-your-profile


[0m11:21:53.630718 [info ] [MainThread]: Project loading failed for the following reason:
 project path </usr/app/dbt_project.yml> not found

[0m11:21:53.633965 [debug] [MainThread]: Resource report: {"command_name": "debug", "command_success": false, "command_wall_clock_time": 0.5314838, "process_in_blocks": "0", "process_kernel_time": 1.986375, "process_mem_max_rss": "87168", "process_out_blocks": "1464", "process_user_time": 2.853156}
[0m11:21:53.636082 [debug] [MainThread]: Command `dbt debug` failed at 11:21:53.635900 after 0.53 seconds
[0m11:21:53.637491 [debug] [MainThread]: Sending event: {'category': 'dbt', 'action': 'invocation', 'label': 'end', 'context': [<snowplow_tracker.self_describing_json.SelfDescribingJson object at 0x7de911f4caa0>, <snowplow_tracker.self_describing_json.SelfDescribingJson object at 0x7de912794a40>, <snowplow_tracker.self_describing_json.SelfDescribingJson object at 0x7de91270c3b0>]}
[0m11:21:53.639622 [debug] [MainThread]: Flushing usage events
[0m11:21:55.094003 [debug] [MainThread]: An error was encountered while trying to flush usage events
